CRITICAL - 2021-09-29 02:05:48 --> Invalid file: index.php
#0 C:\laragon\www\templateci\vendor\codeigniter4\framework\system\View\View.php(213): CodeIgniter\Exceptions\FrameworkException::forInvalidFile('index.php')
#1 C:\laragon\www\templateci\vendor\codeigniter4\framework\system\Common.php(1250): CodeIgniter\View\View->render('index', Array, true)
#2 C:\laragon\www\templateci\app\Controllers\Home.php(12): view('index', Array)
#3 C:\laragon\www\templateci\vendor\codeigniter4\framework\system\CodeIgniter.php(931): App\Controllers\Home->index()
#4 C:\laragon\www\templateci\vendor\codeigniter4\framework\system\CodeIgniter.php(439): CodeIgniter\CodeIgniter->runController(Object(App\Controllers\Home))
#5 C:\laragon\www\templateci\vendor\codeigniter4\framework\system\CodeIgniter.php(339): CodeIgniter\CodeIgniter->handleRequest(NULL, Object(Config\Cache), false)
#6 C:\laragon\www\templateci\public\index.php(45): CodeIgniter\CodeIgniter->run()
#7 {main}
CRITICAL - 2021-09-29 02:22:12 --> Invalid file: index.php
#0 C:\laragon\www\templateci\vendor\codeigniter4\framework\system\View\View.php(213): CodeIgniter\Exceptions\FrameworkException::forInvalidFile('index.php')
#1 C:\laragon\www\templateci\vendor\codeigniter4\framework\system\Common.php(1250): CodeIgniter\View\View->render('index', Array, true)
#2 C:\laragon\www\templateci\app\Controllers\Home.php(12): view('index', Array)
#3 C:\laragon\www\templateci\vendor\codeigniter4\framework\system\CodeIgniter.php(931): App\Controllers\Home->index()
#4 C:\laragon\www\templateci\vendor\codeigniter4\framework\system\CodeIgniter.php(439): CodeIgniter\CodeIgniter->runController(Object(App\Controllers\Home))
#5 C:\laragon\www\templateci\vendor\codeigniter4\framework\system\CodeIgniter.php(339): CodeIgniter\CodeIgniter->handleRequest(NULL, Object(Config\Cache), false)
#6 C:\laragon\www\templateci\public\index.php(45): CodeIgniter\CodeIgniter->run()
#7 {main}
CRITICAL - 2021-09-29 02:23:38 --> Invalid file: index.php
#0 C:\laragon\www\templateci\vendor\codeigniter4\framework\system\View\View.php(213): CodeIgniter\Exceptions\FrameworkException::forInvalidFile('index.php')
#1 C:\laragon\www\templateci\vendor\codeigniter4\framework\system\Common.php(1250): CodeIgniter\View\View->render('index', Array, true)
#2 C:\laragon\www\templateci\app\Controllers\Home.php(12): view('index', Array)
#3 C:\laragon\www\templateci\vendor\codeigniter4\framework\system\CodeIgniter.php(931): App\Controllers\Home->index()
#4 C:\laragon\www\templateci\vendor\codeigniter4\framework\system\CodeIgniter.php(439): CodeIgniter\CodeIgniter->runController(Object(App\Controllers\Home))
#5 C:\laragon\www\templateci\vendor\codeigniter4\framework\system\CodeIgniter.php(339): CodeIgniter\CodeIgniter->handleRequest(NULL, Object(Config\Cache), false)
#6 C:\laragon\www\templateci\public\index.php(45): CodeIgniter\CodeIgniter->run()
#7 {main}
CRITICAL - 2021-09-29 02:24:00 --> Invalid file: index.php
#0 C:\laragon\www\templateci\vendor\codeigniter4\framework\system\View\View.php(213): CodeIgniter\Exceptions\FrameworkException::forInvalidFile('index.php')
#1 C:\laragon\www\templateci\vendor\codeigniter4\framework\system\Common.php(1250): CodeIgniter\View\View->render('index', Array, true)
#2 C:\laragon\www\templateci\app\Controllers\Home.php(12): view('index', Array)
#3 C:\laragon\www\templateci\vendor\codeigniter4\framework\system\CodeIgniter.php(931): App\Controllers\Home->index()
#4 C:\laragon\www\templateci\vendor\codeigniter4\framework\system\CodeIgniter.php(439): CodeIgniter\CodeIgniter->runController(Object(App\Controllers\Home))
#5 C:\laragon\www\templateci\vendor\codeigniter4\framework\system\CodeIgniter.php(339): CodeIgniter\CodeIgniter->handleRequest(NULL, Object(Config\Cache), false)
#6 C:\laragon\www\templateci\public\index.php(45): CodeIgniter\CodeIgniter->run()
#7 {main}
CRITICAL - 2021-09-29 02:26:01 --> Invalid file: index.php
#0 C:\laragon\www\templateci\vendor\codeigniter4\framework\system\View\View.php(213): CodeIgniter\Exceptions\FrameworkException::forInvalidFile('index.php')
#1 C:\laragon\www\templateci\vendor\codeigniter4\framework\system\Common.php(1250): CodeIgniter\View\View->render('index', Array, true)
#2 C:\laragon\www\templateci\app\Controllers\Home.php(12): view('index', Array)
#3 C:\laragon\www\templateci\vendor\codeigniter4\framework\system\CodeIgniter.php(931): App\Controllers\Home->index()
#4 C:\laragon\www\templateci\vendor\codeigniter4\framework\system\CodeIgniter.php(439): CodeIgniter\CodeIgniter->runController(Object(App\Controllers\Home))
#5 C:\laragon\www\templateci\vendor\codeigniter4\framework\system\CodeIgniter.php(339): CodeIgniter\CodeIgniter->handleRequest(NULL, Object(Config\Cache), false)
#6 C:\laragon\www\templateci\public\index.php(45): CodeIgniter\CodeIgniter->run()
#7 {main}
CRITICAL - 2021-09-29 02:26:08 --> Invalid file: index.php
#0 C:\laragon\www\templateci\vendor\codeigniter4\framework\system\View\View.php(213): CodeIgniter\Exceptions\FrameworkException::forInvalidFile('index.php')
#1 C:\laragon\www\templateci\vendor\codeigniter4\framework\system\Common.php(1250): CodeIgniter\View\View->render('index', Array, true)
#2 C:\laragon\www\templateci\app\Controllers\Home.php(12): view('index', Array)
#3 C:\laragon\www\templateci\vendor\codeigniter4\framework\system\CodeIgniter.php(931): App\Controllers\Home->index()
#4 C:\laragon\www\templateci\vendor\codeigniter4\framework\system\CodeIgniter.php(439): CodeIgniter\CodeIgniter->runController(Object(App\Controllers\Home))
#5 C:\laragon\www\templateci\vendor\codeigniter4\framework\system\CodeIgniter.php(339): CodeIgniter\CodeIgniter->handleRequest(NULL, Object(Config\Cache), false)
#6 C:\laragon\www\templateci\public\index.php(45): CodeIgniter\CodeIgniter->run()
#7 {main}
CRITICAL - 2021-09-29 02:33:52 --> Invalid file: index.php
#0 C:\laragon\www\templateci\vendor\codeigniter4\framework\system\View\View.php(213): CodeIgniter\Exceptions\FrameworkException::forInvalidFile('index.php')
#1 C:\laragon\www\templateci\vendor\codeigniter4\framework\system\Common.php(1250): CodeIgniter\View\View->render('index', Array, true)
#2 C:\laragon\www\templateci\app\Controllers\Home.php(12): view('index', Array)
#3 C:\laragon\www\templateci\vendor\codeigniter4\framework\system\CodeIgniter.php(931): App\Controllers\Home->index()
#4 C:\laragon\www\templateci\vendor\codeigniter4\framework\system\CodeIgniter.php(439): CodeIgniter\CodeIgniter->runController(Object(App\Controllers\Home))
#5 C:\laragon\www\templateci\vendor\codeigniter4\framework\system\CodeIgniter.php(339): CodeIgniter\CodeIgniter->handleRequest(NULL, Object(Config\Cache), false)
#6 C:\laragon\www\templateci\public\index.php(45): CodeIgniter\CodeIgniter->run()
#7 {main}
CRITICAL - 2021-09-29 02:36:30 --> Call to undefined function set_value()
#0 C:\laragon\www\templateci\vendor\codeigniter4\framework\system\View\View.php(230): include()
#1 C:\laragon\www\templateci\vendor\codeigniter4\framework\system\View\View.php(232): CodeIgniter\View\View->CodeIgniter\View\{closure}()
#2 C:\laragon\www\templateci\vendor\codeigniter4\framework\system\Common.php(1250): CodeIgniter\View\View->render('/auth/auth-logi...', Array, true)
#3 C:\laragon\www\templateci\app\Controllers\RegisterController.php(7): view('/auth/auth-logi...')
#4 C:\laragon\www\templateci\vendor\codeigniter4\framework\system\CodeIgniter.php(931): App\Controllers\RegisterController->index()
#5 C:\laragon\www\templateci\vendor\codeigniter4\framework\system\CodeIgniter.php(439): CodeIgniter\CodeIgniter->runController(Object(App\Controllers\RegisterController))
#6 C:\laragon\www\templateci\vendor\codeigniter4\framework\system\CodeIgniter.php(339): CodeIgniter\CodeIgniter->handleRequest(NULL, Object(Config\Cache), false)
#7 C:\laragon\www\templateci\public\index.php(45): CodeIgniter\CodeIgniter->run()
#8 {main}
CRITICAL - 2021-09-29 02:36:46 --> Call to undefined function set_value()
#0 C:\laragon\www\templateci\vendor\codeigniter4\framework\system\View\View.php(230): include()
#1 C:\laragon\www\templateci\vendor\codeigniter4\framework\system\View\View.php(232): CodeIgniter\View\View->CodeIgniter\View\{closure}()
#2 C:\laragon\www\templateci\vendor\codeigniter4\framework\system\Common.php(1250): CodeIgniter\View\View->render('auth/auth-login', Array, true)
#3 C:\laragon\www\templateci\app\Controllers\RegisterController.php(7): view('auth/auth-login')
#4 C:\laragon\www\templateci\vendor\codeigniter4\framework\system\CodeIgniter.php(931): App\Controllers\RegisterController->index()
#5 C:\laragon\www\templateci\vendor\codeigniter4\framework\system\CodeIgniter.php(439): CodeIgniter\CodeIgniter->runController(Object(App\Controllers\RegisterController))
#6 C:\laragon\www\templateci\vendor\codeigniter4\framework\system\CodeIgniter.php(339): CodeIgniter\CodeIgniter->handleRequest(NULL, Object(Config\Cache), false)
#7 C:\laragon\www\templateci\public\index.php(45): CodeIgniter\CodeIgniter->run()
#8 {main}
CRITICAL - 2021-09-29 02:36:47 --> Call to undefined function set_value()
#0 C:\laragon\www\templateci\vendor\codeigniter4\framework\system\View\View.php(230): include()
#1 C:\laragon\www\templateci\vendor\codeigniter4\framework\system\View\View.php(232): CodeIgniter\View\View->CodeIgniter\View\{closure}()
#2 C:\laragon\www\templateci\vendor\codeigniter4\framework\system\Common.php(1250): CodeIgniter\View\View->render('auth/auth-login', Array, true)
#3 C:\laragon\www\templateci\app\Controllers\RegisterController.php(7): view('auth/auth-login')
#4 C:\laragon\www\templateci\vendor\codeigniter4\framework\system\CodeIgniter.php(931): App\Controllers\RegisterController->index()
#5 C:\laragon\www\templateci\vendor\codeigniter4\framework\system\CodeIgniter.php(439): CodeIgniter\CodeIgniter->runController(Object(App\Controllers\RegisterController))
#6 C:\laragon\www\templateci\vendor\codeigniter4\framework\system\CodeIgniter.php(339): CodeIgniter\CodeIgniter->handleRequest(NULL, Object(Config\Cache), false)
#7 C:\laragon\www\templateci\public\index.php(45): CodeIgniter\CodeIgniter->run()
#8 {main}
CRITICAL - 2021-09-29 02:36:57 --> Call to undefined function set_value()
#0 C:\laragon\www\templateci\vendor\codeigniter4\framework\system\View\View.php(230): include()
#1 C:\laragon\www\templateci\vendor\codeigniter4\framework\system\View\View.php(232): CodeIgniter\View\View->CodeIgniter\View\{closure}()
#2 C:\laragon\www\templateci\vendor\codeigniter4\framework\system\Common.php(1250): CodeIgniter\View\View->render('auth/auth-login', Array, true)
#3 C:\laragon\www\templateci\app\Controllers\RegisterController.php(7): view('auth/auth-login')
#4 C:\laragon\www\templateci\vendor\codeigniter4\framework\system\CodeIgniter.php(931): App\Controllers\RegisterController->index()
#5 C:\laragon\www\templateci\vendor\codeigniter4\framework\system\CodeIgniter.php(439): CodeIgniter\CodeIgniter->runController(Object(App\Controllers\RegisterController))
#6 C:\laragon\www\templateci\vendor\codeigniter4\framework\system\CodeIgniter.php(339): CodeIgniter\CodeIgniter->handleRequest(NULL, Object(Config\Cache), false)
#7 C:\laragon\www\templateci\public\index.php(45): CodeIgniter\CodeIgniter->run()
#8 {main}
CRITICAL - 2021-09-29 02:42:01 --> Call to undefined function set_value()
#0 C:\laragon\www\templateci\vendor\codeigniter4\framework\system\View\View.php(230): include()
#1 C:\laragon\www\templateci\vendor\codeigniter4\framework\system\View\View.php(232): CodeIgniter\View\View->CodeIgniter\View\{closure}()
#2 C:\laragon\www\templateci\vendor\codeigniter4\framework\system\Common.php(1250): CodeIgniter\View\View->render('auth/auth-login', Array, true)
#3 C:\laragon\www\templateci\app\Controllers\RegisterController.php(7): view('auth/auth-login')
#4 C:\laragon\www\templateci\vendor\codeigniter4\framework\system\CodeIgniter.php(931): App\Controllers\RegisterController->index()
#5 C:\laragon\www\templateci\vendor\codeigniter4\framework\system\CodeIgniter.php(439): CodeIgniter\CodeIgniter->runController(Object(App\Controllers\RegisterController))
#6 C:\laragon\www\templateci\vendor\codeigniter4\framework\system\CodeIgniter.php(339): CodeIgniter\CodeIgniter->handleRequest(NULL, Object(Config\Cache), false)
#7 C:\laragon\www\templateci\public\index.php(45): CodeIgniter\CodeIgniter->run()
#8 {main}
CRITICAL - 2021-09-29 02:42:03 --> Call to undefined function set_value()
#0 C:\laragon\www\templateci\vendor\codeigniter4\framework\system\View\View.php(230): include()
#1 C:\laragon\www\templateci\vendor\codeigniter4\framework\system\View\View.php(232): CodeIgniter\View\View->CodeIgniter\View\{closure}()
#2 C:\laragon\www\templateci\vendor\codeigniter4\framework\system\Common.php(1250): CodeIgniter\View\View->render('auth/auth-login', Array, true)
#3 C:\laragon\www\templateci\app\Controllers\RegisterController.php(7): view('auth/auth-login')
#4 C:\laragon\www\templateci\vendor\codeigniter4\framework\system\CodeIgniter.php(931): App\Controllers\RegisterController->index()
#5 C:\laragon\www\templateci\vendor\codeigniter4\framework\system\CodeIgniter.php(439): CodeIgniter\CodeIgniter->runController(Object(App\Controllers\RegisterController))
#6 C:\laragon\www\templateci\vendor\codeigniter4\framework\system\CodeIgniter.php(339): CodeIgniter\CodeIgniter->handleRequest(NULL, Object(Config\Cache), false)
#7 C:\laragon\www\templateci\public\index.php(45): CodeIgniter\CodeIgniter->run()
#8 {main}
CRITICAL - 2021-09-29 02:44:25 --> Call to undefined function set_value()
#0 C:\laragon\www\templateci\vendor\codeigniter4\framework\system\View\View.php(230): include()
#1 C:\laragon\www\templateci\vendor\codeigniter4\framework\system\View\View.php(232): CodeIgniter\View\View->CodeIgniter\View\{closure}()
#2 C:\laragon\www\templateci\vendor\codeigniter4\framework\system\Common.php(1250): CodeIgniter\View\View->render('auth/auth-login', Array, true)
#3 C:\laragon\www\templateci\app\Controllers\RegisterController.php(8): view('auth/auth-login')
#4 C:\laragon\www\templateci\vendor\codeigniter4\framework\system\CodeIgniter.php(931): App\Controllers\RegisterController->index()
#5 C:\laragon\www\templateci\vendor\codeigniter4\framework\system\CodeIgniter.php(439): CodeIgniter\CodeIgniter->runController(Object(App\Controllers\RegisterController))
#6 C:\laragon\www\templateci\vendor\codeigniter4\framework\system\CodeIgniter.php(339): CodeIgniter\CodeIgniter->handleRequest(NULL, Object(Config\Cache), false)
#7 C:\laragon\www\templateci\public\index.php(45): CodeIgniter\CodeIgniter->run()
#8 {main}
CRITICAL - 2021-09-29 02:45:29 --> Call to a member function getFirstRow() on bool
#0 C:\laragon\www\templateci\vendor\codeigniter4\framework\system\BaseModel.php(644): CodeIgniter\Model->doFirst()
#1 C:\laragon\www\templateci\app\Validation\UserRules.php(9): CodeIgniter\BaseModel->first()
#2 C:\laragon\www\templateci\vendor\codeigniter4\framework\system\Validation\Validation.php(312): App\Validation\UserRules->validateUser('Diamond!23', 'username,userpa...', Array, NULL)
#3 C:\laragon\www\templateci\vendor\codeigniter4\framework\system\Validation\Validation.php(159): CodeIgniter\Validation\Validation->processRules('userpassword', 'userpassword', 'Diamond!23', Array, Array)
#4 C:\laragon\www\templateci\vendor\codeigniter4\framework\system\Controller.php(183): CodeIgniter\Validation\Validation->run()
#5 C:\laragon\www\templateci\app\Controllers\AuthController.php(96): CodeIgniter\Controller->validate(Array, Array)
#6 C:\laragon\www\templateci\vendor\codeigniter4\framework\system\CodeIgniter.php(931): App\Controllers\AuthController->login()
#7 C:\laragon\www\templateci\vendor\codeigniter4\framework\system\CodeIgniter.php(439): CodeIgniter\CodeIgniter->runController(Object(App\Controllers\AuthController))
#8 C:\laragon\www\templateci\vendor\codeigniter4\framework\system\CodeIgniter.php(339): CodeIgniter\CodeIgniter->handleRequest(NULL, Object(Config\Cache), false)
#9 C:\laragon\www\templateci\public\index.php(45): CodeIgniter\CodeIgniter->run()
#10 {main}
CRITICAL - 2021-09-29 02:46:47 --> Call to a member function getFirstRow() on bool
#0 C:\laragon\www\templateci\vendor\codeigniter4\framework\system\BaseModel.php(644): CodeIgniter\Model->doFirst()
#1 C:\laragon\www\templateci\app\Validation\UserRules.php(9): CodeIgniter\BaseModel->first()
#2 C:\laragon\www\templateci\vendor\codeigniter4\framework\system\Validation\Validation.php(312): App\Validation\UserRules->validateUser('Diamond!23', 'username,userpa...', Array, NULL)
#3 C:\laragon\www\templateci\vendor\codeigniter4\framework\system\Validation\Validation.php(159): CodeIgniter\Validation\Validation->processRules('userpassword', 'userpassword', 'Diamond!23', Array, Array)
#4 C:\laragon\www\templateci\vendor\codeigniter4\framework\system\Controller.php(183): CodeIgniter\Validation\Validation->run()
#5 C:\laragon\www\templateci\app\Controllers\AuthController.php(96): CodeIgniter\Controller->validate(Array, Array)
#6 C:\laragon\www\templateci\vendor\codeigniter4\framework\system\CodeIgniter.php(931): App\Controllers\AuthController->login()
#7 C:\laragon\www\templateci\vendor\codeigniter4\framework\system\CodeIgniter.php(439): CodeIgniter\CodeIgniter->runController(Object(App\Controllers\AuthController))
#8 C:\laragon\www\templateci\vendor\codeigniter4\framework\system\CodeIgniter.php(339): CodeIgniter\CodeIgniter->handleRequest(NULL, Object(Config\Cache), false)
#9 C:\laragon\www\templateci\public\index.php(45): CodeIgniter\CodeIgniter->run()
#10 {main}
CRITICAL - 2021-09-29 02:47:03 --> Call to a member function getFirstRow() on bool
#0 C:\laragon\www\templateci\vendor\codeigniter4\framework\system\BaseModel.php(644): CodeIgniter\Model->doFirst()
#1 C:\laragon\www\templateci\app\Validation\UserRules.php(9): CodeIgniter\BaseModel->first()
#2 C:\laragon\www\templateci\vendor\codeigniter4\framework\system\Validation\Validation.php(312): App\Validation\UserRules->validateUser('Diamond!23', 'username,userpa...', Array, NULL)
#3 C:\laragon\www\templateci\vendor\codeigniter4\framework\system\Validation\Validation.php(159): CodeIgniter\Validation\Validation->processRules('userpassword', 'userpassword', 'Diamond!23', Array, Array)
#4 C:\laragon\www\templateci\vendor\codeigniter4\framework\system\Controller.php(183): CodeIgniter\Validation\Validation->run()
#5 C:\laragon\www\templateci\app\Controllers\AuthController.php(96): CodeIgniter\Controller->validate(Array, Array)
#6 C:\laragon\www\templateci\vendor\codeigniter4\framework\system\CodeIgniter.php(931): App\Controllers\AuthController->login()
#7 C:\laragon\www\templateci\vendor\codeigniter4\framework\system\CodeIgniter.php(439): CodeIgniter\CodeIgniter->runController(Object(App\Controllers\AuthController))
#8 C:\laragon\www\templateci\vendor\codeigniter4\framework\system\CodeIgniter.php(339): CodeIgniter\CodeIgniter->handleRequest(NULL, Object(Config\Cache), false)
#9 C:\laragon\www\templateci\public\index.php(45): CodeIgniter\CodeIgniter->run()
#10 {main}
CRITICAL - 2021-09-29 02:47:04 --> Call to a member function getFirstRow() on bool
#0 C:\laragon\www\templateci\vendor\codeigniter4\framework\system\BaseModel.php(644): CodeIgniter\Model->doFirst()
#1 C:\laragon\www\templateci\app\Validation\UserRules.php(9): CodeIgniter\BaseModel->first()
#2 C:\laragon\www\templateci\vendor\codeigniter4\framework\system\Validation\Validation.php(312): App\Validation\UserRules->validateUser('Diamond!23', 'username,userpa...', Array, NULL)
#3 C:\laragon\www\templateci\vendor\codeigniter4\framework\system\Validation\Validation.php(159): CodeIgniter\Validation\Validation->processRules('userpassword', 'userpassword', 'Diamond!23', Array, Array)
#4 C:\laragon\www\templateci\vendor\codeigniter4\framework\system\Controller.php(183): CodeIgniter\Validation\Validation->run()
#5 C:\laragon\www\templateci\app\Controllers\AuthController.php(96): CodeIgniter\Controller->validate(Array, Array)
#6 C:\laragon\www\templateci\vendor\codeigniter4\framework\system\CodeIgniter.php(931): App\Controllers\AuthController->login()
#7 C:\laragon\www\templateci\vendor\codeigniter4\framework\system\CodeIgniter.php(439): CodeIgniter\CodeIgniter->runController(Object(App\Controllers\AuthController))
#8 C:\laragon\www\templateci\vendor\codeigniter4\framework\system\CodeIgniter.php(339): CodeIgniter\CodeIgniter->handleRequest(NULL, Object(Config\Cache), false)
#9 C:\laragon\www\templateci\public\index.php(45): CodeIgniter\CodeIgniter->run()
#10 {main}
CRITICAL - 2021-09-29 02:47:04 --> Call to a member function getFirstRow() on bool
#0 C:\laragon\www\templateci\vendor\codeigniter4\framework\system\BaseModel.php(644): CodeIgniter\Model->doFirst()
#1 C:\laragon\www\templateci\app\Validation\UserRules.php(9): CodeIgniter\BaseModel->first()
#2 C:\laragon\www\templateci\vendor\codeigniter4\framework\system\Validation\Validation.php(312): App\Validation\UserRules->validateUser('Diamond!23', 'username,userpa...', Array, NULL)
#3 C:\laragon\www\templateci\vendor\codeigniter4\framework\system\Validation\Validation.php(159): CodeIgniter\Validation\Validation->processRules('userpassword', 'userpassword', 'Diamond!23', Array, Array)
#4 C:\laragon\www\templateci\vendor\codeigniter4\framework\system\Controller.php(183): CodeIgniter\Validation\Validation->run()
#5 C:\laragon\www\templateci\app\Controllers\AuthController.php(96): CodeIgniter\Controller->validate(Array, Array)
#6 C:\laragon\www\templateci\vendor\codeigniter4\framework\system\CodeIgniter.php(931): App\Controllers\AuthController->login()
#7 C:\laragon\www\templateci\vendor\codeigniter4\framework\system\CodeIgniter.php(439): CodeIgniter\CodeIgniter->runController(Object(App\Controllers\AuthController))
#8 C:\laragon\www\templateci\vendor\codeigniter4\framework\system\CodeIgniter.php(339): CodeIgniter\CodeIgniter->handleRequest(NULL, Object(Config\Cache), false)
#9 C:\laragon\www\templateci\public\index.php(45): CodeIgniter\CodeIgniter->run()
#10 {main}
CRITICAL - 2021-09-29 02:47:14 --> Call to a member function getFirstRow() on bool
#0 C:\laragon\www\templateci\vendor\codeigniter4\framework\system\BaseModel.php(644): CodeIgniter\Model->doFirst()
#1 C:\laragon\www\templateci\app\Validation\UserRules.php(9): CodeIgniter\BaseModel->first()
#2 C:\laragon\www\templateci\vendor\codeigniter4\framework\system\Validation\Validation.php(312): App\Validation\UserRules->validateUser('Diamond!23', 'username,userpa...', Array, NULL)
#3 C:\laragon\www\templateci\vendor\codeigniter4\framework\system\Validation\Validation.php(159): CodeIgniter\Validation\Validation->processRules('userpassword', 'userpassword', 'Diamond!23', Array, Array)
#4 C:\laragon\www\templateci\vendor\codeigniter4\framework\system\Controller.php(183): CodeIgniter\Validation\Validation->run()
#5 C:\laragon\www\templateci\app\Controllers\AuthController.php(96): CodeIgniter\Controller->validate(Array, Array)
#6 C:\laragon\www\templateci\vendor\codeigniter4\framework\system\CodeIgniter.php(931): App\Controllers\AuthController->login()
#7 C:\laragon\www\templateci\vendor\codeigniter4\framework\system\CodeIgniter.php(439): CodeIgniter\CodeIgniter->runController(Object(App\Controllers\AuthController))
#8 C:\laragon\www\templateci\vendor\codeigniter4\framework\system\CodeIgniter.php(339): CodeIgniter\CodeIgniter->handleRequest(NULL, Object(Config\Cache), false)
#9 C:\laragon\www\templateci\public\index.php(45): CodeIgniter\CodeIgniter->run()
#10 {main}
CRITICAL - 2021-09-29 02:51:10 --> Call to a member function getFirstRow() on bool
#0 C:\laragon\www\templateci\vendor\codeigniter4\framework\system\BaseModel.php(644): CodeIgniter\Model->doFirst()
#1 C:\laragon\www\templateci\app\Validation\UserRules.php(9): CodeIgniter\BaseModel->first()
#2 C:\laragon\www\templateci\vendor\codeigniter4\framework\system\Validation\Validation.php(312): App\Validation\UserRules->validateUser('admin', 'username,userpa...', Array, NULL)
#3 C:\laragon\www\templateci\vendor\codeigniter4\framework\system\Validation\Validation.php(159): CodeIgniter\Validation\Validation->processRules('userpassword', 'userpassword', 'admin', Array, Array)
#4 C:\laragon\www\templateci\vendor\codeigniter4\framework\system\Controller.php(183): CodeIgniter\Validation\Validation->run()
#5 C:\laragon\www\templateci\app\Controllers\AuthController.php(98): CodeIgniter\Controller->validate(Array, Array)
#6 C:\laragon\www\templateci\vendor\codeigniter4\framework\system\CodeIgniter.php(931): App\Controllers\AuthController->login()
#7 C:\laragon\www\templateci\vendor\codeigniter4\framework\system\CodeIgniter.php(439): CodeIgniter\CodeIgniter->runController(Object(App\Controllers\AuthController))
#8 C:\laragon\www\templateci\vendor\codeigniter4\framework\system\CodeIgniter.php(339): CodeIgniter\CodeIgniter->handleRequest(NULL, Object(Config\Cache), false)
#9 C:\laragon\www\templateci\public\index.php(45): CodeIgniter\CodeIgniter->run()
#10 {main}
CRITICAL - 2021-09-29 02:51:12 --> Call to a member function getFirstRow() on bool
#0 C:\laragon\www\templateci\vendor\codeigniter4\framework\system\BaseModel.php(644): CodeIgniter\Model->doFirst()
#1 C:\laragon\www\templateci\app\Validation\UserRules.php(9): CodeIgniter\BaseModel->first()
#2 C:\laragon\www\templateci\vendor\codeigniter4\framework\system\Validation\Validation.php(312): App\Validation\UserRules->validateUser('admin', 'username,userpa...', Array, NULL)
#3 C:\laragon\www\templateci\vendor\codeigniter4\framework\system\Validation\Validation.php(159): CodeIgniter\Validation\Validation->processRules('userpassword', 'userpassword', 'admin', Array, Array)
#4 C:\laragon\www\templateci\vendor\codeigniter4\framework\system\Controller.php(183): CodeIgniter\Validation\Validation->run()
#5 C:\laragon\www\templateci\app\Controllers\AuthController.php(98): CodeIgniter\Controller->validate(Array, Array)
#6 C:\laragon\www\templateci\vendor\codeigniter4\framework\system\CodeIgniter.php(931): App\Controllers\AuthController->login()
#7 C:\laragon\www\templateci\vendor\codeigniter4\framework\system\CodeIgniter.php(439): CodeIgniter\CodeIgniter->runController(Object(App\Controllers\AuthController))
#8 C:\laragon\www\templateci\vendor\codeigniter4\framework\system\CodeIgniter.php(339): CodeIgniter\CodeIgniter->handleRequest(NULL, Object(Config\Cache), false)
#9 C:\laragon\www\templateci\public\index.php(45): CodeIgniter\CodeIgniter->run()
#10 {main}
CRITICAL - 2021-09-29 02:52:52 --> Call to a member function getFirstRow() on bool
#0 C:\laragon\www\templateci\vendor\codeigniter4\framework\system\BaseModel.php(644): CodeIgniter\Model->doFirst()
#1 C:\laragon\www\templateci\app\Validation\UserRules.php(9): CodeIgniter\BaseModel->first()
#2 C:\laragon\www\templateci\vendor\codeigniter4\framework\system\Validation\Validation.php(312): App\Validation\UserRules->validateUser('admin', 'username,userpa...', Array, NULL)
#3 C:\laragon\www\templateci\vendor\codeigniter4\framework\system\Validation\Validation.php(159): CodeIgniter\Validation\Validation->processRules('userpassword', 'userpassword', 'admin', Array, Array)
#4 C:\laragon\www\templateci\vendor\codeigniter4\framework\system\Controller.php(183): CodeIgniter\Validation\Validation->run()
#5 C:\laragon\www\templateci\app\Controllers\AuthController.php(98): CodeIgniter\Controller->validate(Array, Array)
#6 C:\laragon\www\templateci\vendor\codeigniter4\framework\system\CodeIgniter.php(931): App\Controllers\AuthController->login()
#7 C:\laragon\www\templateci\vendor\codeigniter4\framework\system\CodeIgniter.php(439): CodeIgniter\CodeIgniter->runController(Object(App\Controllers\AuthController))
#8 C:\laragon\www\templateci\vendor\codeigniter4\framework\system\CodeIgniter.php(339): CodeIgniter\CodeIgniter->handleRequest(NULL, Object(Config\Cache), false)
#9 C:\laragon\www\templateci\public\index.php(45): CodeIgniter\CodeIgniter->run()
#10 {main}
CRITICAL - 2021-09-29 02:55:17 --> Call to a member function select() on null
#0 C:\laragon\www\templateci\vendor\codeigniter4\framework\system\CodeIgniter.php(931): App\Controllers\AuthController->login()
#1 C:\laragon\www\templateci\vendor\codeigniter4\framework\system\CodeIgniter.php(439): CodeIgniter\CodeIgniter->runController(Object(App\Controllers\AuthController))
#2 C:\laragon\www\templateci\vendor\codeigniter4\framework\system\CodeIgniter.php(339): CodeIgniter\CodeIgniter->handleRequest(NULL, Object(Config\Cache), false)
#3 C:\laragon\www\templateci\public\index.php(45): CodeIgniter\CodeIgniter->run()
#4 {main}
CRITICAL - 2021-09-29 02:55:24 --> Call to a member function select() on null
#0 C:\laragon\www\templateci\vendor\codeigniter4\framework\system\CodeIgniter.php(931): App\Controllers\AuthController->login()
#1 C:\laragon\www\templateci\vendor\codeigniter4\framework\system\CodeIgniter.php(439): CodeIgniter\CodeIgniter->runController(Object(App\Controllers\AuthController))
#2 C:\laragon\www\templateci\vendor\codeigniter4\framework\system\CodeIgniter.php(339): CodeIgniter\CodeIgniter->handleRequest(NULL, Object(Config\Cache), false)
#3 C:\laragon\www\templateci\public\index.php(45): CodeIgniter\CodeIgniter->run()
#4 {main}
CRITICAL - 2021-09-29 02:55:48 --> Call to a member function select() on null
#0 C:\laragon\www\templateci\vendor\codeigniter4\framework\system\CodeIgniter.php(931): App\Controllers\AuthController->login()
#1 C:\laragon\www\templateci\vendor\codeigniter4\framework\system\CodeIgniter.php(439): CodeIgniter\CodeIgniter->runController(Object(App\Controllers\AuthController))
#2 C:\laragon\www\templateci\vendor\codeigniter4\framework\system\CodeIgniter.php(339): CodeIgniter\CodeIgniter->handleRequest(NULL, Object(Config\Cache), false)
#3 C:\laragon\www\templateci\public\index.php(45): CodeIgniter\CodeIgniter->run()
#4 {main}
CRITICAL - 2021-09-29 02:56:56 --> Call to a member function select() on null
#0 C:\laragon\www\templateci\vendor\codeigniter4\framework\system\CodeIgniter.php(931): App\Controllers\AuthController->login()
#1 C:\laragon\www\templateci\vendor\codeigniter4\framework\system\CodeIgniter.php(439): CodeIgniter\CodeIgniter->runController(Object(App\Controllers\AuthController))
#2 C:\laragon\www\templateci\vendor\codeigniter4\framework\system\CodeIgniter.php(339): CodeIgniter\CodeIgniter->handleRequest(NULL, Object(Config\Cache), false)
#3 C:\laragon\www\templateci\public\index.php(45): CodeIgniter\CodeIgniter->run()
#4 {main}
CRITICAL - 2021-09-29 03:00:51 --> Call to a member function select() on null
#0 C:\laragon\www\templateci\vendor\codeigniter4\framework\system\CodeIgniter.php(931): App\Controllers\AuthController->login()
#1 C:\laragon\www\templateci\vendor\codeigniter4\framework\system\CodeIgniter.php(439): CodeIgniter\CodeIgniter->runController(Object(App\Controllers\AuthController))
#2 C:\laragon\www\templateci\vendor\codeigniter4\framework\system\CodeIgniter.php(339): CodeIgniter\CodeIgniter->handleRequest(NULL, Object(Config\Cache), false)
#3 C:\laragon\www\templateci\public\index.php(45): CodeIgniter\CodeIgniter->run()
#4 {main}
CRITICAL - 2021-09-29 03:01:00 --> Call to a member function select() on null
#0 C:\laragon\www\templateci\vendor\codeigniter4\framework\system\CodeIgniter.php(931): App\Controllers\AuthController->login()
#1 C:\laragon\www\templateci\vendor\codeigniter4\framework\system\CodeIgniter.php(439): CodeIgniter\CodeIgniter->runController(Object(App\Controllers\AuthController))
#2 C:\laragon\www\templateci\vendor\codeigniter4\framework\system\CodeIgniter.php(339): CodeIgniter\CodeIgniter->handleRequest(NULL, Object(Config\Cache), false)
#3 C:\laragon\www\templateci\public\index.php(45): CodeIgniter\CodeIgniter->run()
#4 {main}
